<?xml version="1.0" encoding="UTF-8"?>
<!-- Generated by org.testng.reporters.JUnitReportReporter -->
<testsuite hostname="DESKTOP-PPELCG3" failures="0" tests="1" name="browserlaunch.Browsers" time="14.238" errors="0" timestamp="2021-11-22T16:38:00 IST" skipped="0">
  <testcase classname="browserlaunch.Browsers" name="browsers_name" time="14.238"/>
</testsuite> <!-- browserlaunch.Browsers -->
