<?xml version="1.0" encoding="UTF-8"?>
<!-- Generated by org.testng.reporters.JUnitReportReporter -->
<testsuite hostname="DESKTOP-PPELCG3" failures="0" tests="3" name="browserlaunch.AddtoCart" time="25.494" errors="0" timestamp="2021-11-22T16:38:00 IST" skipped="0">
  <testcase classname="browserlaunch.AddtoCart" name="clickingondress" time="7.405"/>
  <testcase classname="browserlaunch.AddtoCart" name="dataenterincart" time="0.452"/>
  <testcase classname="browserlaunch.AddtoCart" name="checkout" time="17.637"/>
</testsuite> <!-- browserlaunch.AddtoCart -->
