<?xml version="1.0" encoding="UTF-8"?>
<!-- Generated by org.testng.reporters.JUnitReportReporter -->
<testsuite hostname="DESKTOP-PPELCG3" failures="0" tests="1" name="browserlaunch.Exceldata" time="0.609" errors="0" timestamp="2021-11-18T21:17:25 IST" skipped="0">
  <testcase classname="browserlaunch.Exceldata" name="exceldata" time="0.609"/>
</testsuite> <!-- browserlaunch.Exceldata -->
