<?xml version="1.0" encoding="UTF-8"?>
<!-- Generated by org.testng.reporters.JUnitReportReporter -->
<testsuite hostname="DESKTOP-PPELCG3" failures="0" tests="1" name="browserlaunch.Data" time="0.734" errors="0" timestamp="2021-11-18T19:19:26 IST" skipped="0">
  <testcase classname="browserlaunch.Data" name="signsheetdata" time="0.734"/>
</testsuite> <!-- browserlaunch.Data -->
